This is pdfTeX, Version 3.141592653-2.6-1.40.24 (MiKTeX 22.1) (preloaded format=pdflatex 2023.10.29)  24 SEP 2024 16:23
entering extended mode
 restricted \write18 enabled.
 file:line:error style messages enabled.
 %&-line parsing enabled.
**/Users/riyakore/Desktop/Astronomy/Astron_465/sample_paper.tex
(/Users/riyakore/Desktop/Astronomy/Astron_465/sample_paper.tex
LaTeX2e <2023-06-01> patch level 1
L3 programming layer <2023-10-23>
(/Users/riyakore/Library/Application Support/MiKTeX/texmfs/install/tex/latex/aastex/aastex631.cls
Document Class: aastex631 2020/12/20 Version 6.3.1d/AAS markup document class
Class aastex Info: 
 
 Original \LaTeX2.09 style by Chris Biemesderfer (chris@seagoat.com). 
 Adapted to \LaTeXe by A. Ogawa (ogawa@teleport.com)
 emulateapj.cls included, Copyright 2000-2015 Alexey Vikhlinin 
 Rewrite and update of emulateapj.cls, revised and enhanced with table macros, gridlines, draft watermark,
 track changes, new `modern' style and much more, by Amy Hendrickson,
 (amyh@texnology.com, http://www.texnology.com) 
 
  on input line 106.
\bibbaselineskip=\skip48


 Please update your system to include revtex4-1.cls


 ) )
(\end occurred when \ifx on line 7 was incomplete) 
Here is how much of TeX's memory you used:
 125 strings out of 476652
 2251 string characters out of 2797843
 1923033 words of memory out of 3000000
 22029 multiletter control sequences out of 15000+600000
 558069 words of font info for 36 fonts, out of 8000000 for 9000
 0 hyphenation exceptions out of 8191
 29i,1n,37p,217b,18s stack positions out of 5000i,500n,10000p,200000b,80000s

No pages of output.
PDF statistics:
 0 PDF objects out of 1000 (max. 8388607)
 0 named destinations out of 1000 (max. 500000)
 1 words of extra memory for PDF output out of 10000 (max. 10000000)

